###############################################################################
#
# IAR ANSI C/C++ Compiler V7.70.1.11437/W32 for ARM       06/Apr/2017  11:01:07
# Copyright 1999-2016 IAR Systems AB.
#
#    Cpu mode     =  thumb
#    Endian       =  little
#    Source file  =  
#        E:\新项目\移交资料LHT\自助缴费机\软件\Micrium_LPC1768-SK_uCOS-III-Release\Software\EvalBoards\NXP\LPC1768-SK\LPC17XXCMSIS\Drivers\source\lpc17xx_pinsel.c
#    Command line =  
#        E:\新项目\移交资料LHT\自助缴费机\软件\Micrium_LPC1768-SK_uCOS-III-Release\Software\EvalBoards\NXP\LPC1768-SK\LPC17XXCMSIS\Drivers\source\lpc17xx_pinsel.c
#        -lCN
#        E:\新项目\移交资料LHT\自助缴费机\软件\Micrium_LPC1768-SK_uCOS-III-Release\Software\EvalBoards\NXP\LPC1768-SK\uCOS-III\IAR\FLASH\List
#        --diag_suppress Pe174 -o
#        E:\新项目\移交资料LHT\自助缴费机\软件\Micrium_LPC1768-SK_uCOS-III-Release\Software\EvalBoards\NXP\LPC1768-SK\uCOS-III\IAR\FLASH\Obj
#        --no_cse --no_unroll --no_inline --no_code_motion --no_tbaa
#        --no_clustering --no_scheduling --debug --endian=little
#        --cpu=Cortex-M3 -e --fpu=None --dlib_config "C:\Program Files\IAR
#        Systems\Embedded Workbench 7.5\arm\INC\c\DLib_Config_Normal.h" -I
#        E:\新项目\移交资料LHT\自助缴费机\软件\Micrium_LPC1768-SK_uCOS-III-Release\Software\EvalBoards\NXP\LPC1768-SK\uCOS-III\IAR\
#        -I
#        E:\新项目\移交资料LHT\自助缴费机\软件\Micrium_LPC1768-SK_uCOS-III-Release\Software\EvalBoards\NXP\LPC1768-SK\uCOS-III\IAR\..\..\uCOS-III\
#        -I
#        E:\新项目\移交资料LHT\自助缴费机\软件\Micrium_LPC1768-SK_uCOS-III-Release\Software\EvalBoards\NXP\LPC1768-SK\uCOS-III\IAR\..\..\BSP\
#        -I
#        E:\新项目\移交资料LHT\自助缴费机\软件\Micrium_LPC1768-SK_uCOS-III-Release\Software\EvalBoards\NXP\LPC1768-SK\uCOS-III\IAR\..\..\BSP\IAR\
#        -I
#        E:\新项目\移交资料LHT\自助缴费机\软件\Micrium_LPC1768-SK_uCOS-III-Release\Software\EvalBoards\NXP\LPC1768-SK\uCOS-III\IAR\..\..\BSP\OS\uCOS-III\
#        -I
#        E:\新项目\移交资料LHT\自助缴费机\软件\Micrium_LPC1768-SK_uCOS-III-Release\Software\EvalBoards\NXP\LPC1768-SK\uCOS-III\IAR\..\..\..\..\..\uC-CSP\MCU\
#        -I
#        E:\新项目\移交资料LHT\自助缴费机\软件\Micrium_LPC1768-SK_uCOS-III-Release\Software\EvalBoards\NXP\LPC1768-SK\uCOS-III\IAR\..\..\..\..\..\uC-CSP\MCU\NXP\LPC17xx\LPC1768\
#        -I
#        E:\新项目\移交资料LHT\自助缴费机\软件\Micrium_LPC1768-SK_uCOS-III-Release\Software\EvalBoards\NXP\LPC1768-SK\uCOS-III\IAR\..\..\..\..\..\uC-CSP\MCU\NXP\LPC17xx\
#        -I
#        E:\新项目\移交资料LHT\自助缴费机\软件\Micrium_LPC1768-SK_uCOS-III-Release\Software\EvalBoards\NXP\LPC1768-SK\uCOS-III\IAR\..\..\..\..\..\uCOS-III\Ports\ARM-Cortex-M3\Generic\IAR\
#        -I
#        E:\新项目\移交资料LHT\自助缴费机\软件\Micrium_LPC1768-SK_uCOS-III-Release\Software\EvalBoards\NXP\LPC1768-SK\uCOS-III\IAR\..\..\..\..\..\uCOS-III\Ports\ARM-Cortex-M3\CSP\
#        -I
#        E:\新项目\移交资料LHT\自助缴费机\软件\Micrium_LPC1768-SK_uCOS-III-Release\Software\EvalBoards\NXP\LPC1768-SK\uCOS-III\IAR\..\..\..\..\..\uCOS-III\Source\
#        -I
#        E:\新项目\移交资料LHT\自助缴费机\软件\Micrium_LPC1768-SK_uCOS-III-Release\Software\EvalBoards\NXP\LPC1768-SK\uCOS-III\IAR\..\..\..\..\..\uC-LIB\
#        -I
#        E:\新项目\移交资料LHT\自助缴费机\软件\Micrium_LPC1768-SK_uCOS-III-Release\Software\EvalBoards\NXP\LPC1768-SK\uCOS-III\IAR\..\..\..\..\..\uC-CPU\
#        -I
#        E:\新项目\移交资料LHT\自助缴费机\软件\Micrium_LPC1768-SK_uCOS-III-Release\Software\EvalBoards\NXP\LPC1768-SK\uCOS-III\IAR\..\..\..\..\..\uC-CPU\ARM-Cortex-M3\IAR\
#        -I
#        E:\新项目\移交资料LHT\自助缴费机\软件\Micrium_LPC1768-SK_uCOS-III-Release\Software\EvalBoards\NXP\LPC1768-SK\uCOS-III\IAR\..\..\..\..\..\EvalBoards\NXP\LPC1768-SK\LPC17XXCMSIS\Core\CM3\CoreSupport\
#        -I
#        E:\新项目\移交资料LHT\自助缴费机\软件\Micrium_LPC1768-SK_uCOS-III-Release\Software\EvalBoards\NXP\LPC1768-SK\uCOS-III\IAR\..\..\..\..\..\EvalBoards\NXP\LPC1768-SK\LPC17XXCMSIS\Core\CM3\DeviceSupport\NXP\LPC17xx\
#        -I
#        E:\新项目\移交资料LHT\自助缴费机\软件\Micrium_LPC1768-SK_uCOS-III-Release\Software\EvalBoards\NXP\LPC1768-SK\uCOS-III\IAR\..\..\..\..\..\EvalBoards\NXP\LPC1768-SK\LPC17XXCMSIS\Drivers\include\
#        -I
#        E:\新项目\移交资料LHT\自助缴费机\软件\Micrium_LPC1768-SK_uCOS-III-Release\Software\EvalBoards\NXP\LPC1768-SK\uCOS-III\IAR\..\..\..\..\..\uC-Serial\Driver\NXP\LPC17xx\
#        -I
#        E:\新项目\移交资料LHT\自助缴费机\软件\Micrium_LPC1768-SK_uCOS-III-Release\Software\EvalBoards\NXP\LPC1768-SK\uCOS-III\IAR\..\..\..\..\..\uC-Serial\Driver\NXP\
#        -I
#        E:\新项目\移交资料LHT\自助缴费机\软件\Micrium_LPC1768-SK_uCOS-III-Release\Software\EvalBoards\NXP\LPC1768-SK\uCOS-III\IAR\..\..\..\..\..\uC-Serial\Line\
#        -I
#        E:\新项目\移交资料LHT\自助缴费机\软件\Micrium_LPC1768-SK_uCOS-III-Release\Software\EvalBoards\NXP\LPC1768-SK\uCOS-III\IAR\..\..\..\..\..\uC-Serial\OS\uCOS-III\
#        -I
#        E:\新项目\移交资料LHT\自助缴费机\软件\Micrium_LPC1768-SK_uCOS-III-Release\Software\EvalBoards\NXP\LPC1768-SK\uCOS-III\IAR\..\..\..\..\..\uC-Serial\OS\
#        -I
#        E:\新项目\移交资料LHT\自助缴费机\软件\Micrium_LPC1768-SK_uCOS-III-Release\Software\EvalBoards\NXP\LPC1768-SK\uCOS-III\IAR\..\..\..\..\..\uC-Serial\Source\
#        -On --use_c++_inline -I "C:\Program Files\IAR Systems\Embedded
#        Workbench 7.5\arm\CMSIS\Include\"
#    Locale       =  Chinese (Simplified)_People's Republic of China.936
#    List file    =  
#        E:\新项目\移交资料LHT\自助缴费机\软件\Micrium_LPC1768-SK_uCOS-III-Release\Software\EvalBoards\NXP\LPC1768-SK\uCOS-III\IAR\FLASH\List\lpc17xx_pinsel.lst
#    Object file  =  
#        E:\新项目\移交资料LHT\自助缴费机\软件\Micrium_LPC1768-SK_uCOS-III-Release\Software\EvalBoards\NXP\LPC1768-SK\uCOS-III\IAR\FLASH\Obj\lpc17xx_pinsel.o
#
###############################################################################

E:\新项目\移交资料LHT\自助缴费机\软件\Micrium_LPC1768-SK_uCOS-III-Release\Software\EvalBoards\NXP\LPC1768-SK\LPC17XXCMSIS\Drivers\source\lpc17xx_pinsel.c
      1          /**
      2           * @file	: lpc17xx_pinsel.c
      3           * @brief	: Contains all functions support for Pin connect block firmware
      4           * 				library on LPC17xx
      5           * @version	: 1.0
      6           * @date	: 25. Feb. 2009
      7           * @author	: HoanTran
      8           **************************************************************************
      9           * Software that is described herein is for illustrative purposes only
     10           * which provides customers with programming information regarding the
     11           * products. This software is supplied "AS IS" without any warranties.
     12           * NXP Semiconductors assumes no responsibility or liability for the
     13           * use of the software, conveys no license or title under any patent,
     14           * copyright, or mask work right to the product. NXP Semiconductors
     15           * reserves the right to make changes in the software without
     16           * notification. NXP Semiconductors also make no representation or
     17           * warranty that such application will be suitable for the specified
     18           * use without further testing or modification.
     19           **********************************************************************/
     20          
     21          /* Peripheral group ----------------------------------------------------------- */
     22          /** @addtogroup PINSEL
     23           * @{
     24           */
     25          
     26          /* Includes ------------------------------------------------------------------- */
     27          #include "lpc17xx_pinsel.h"
     28          
     29          
     30          /* Public Functions ----------------------------------------------------------- */
     31          /** @addtogroup PINSEL_Public_Functions
     32           * @{
     33           */
     34          
     35          /*********************************************************************//**
     36           * @brief 		Setup the pin selection function
     37           * @param[in]	portnum PORT number,
     38           * 				should be one of the following:
     39           * 				- PINSEL_PORT_0	: Port 0
     40           * 				- PINSEL_PORT_1	: Port 1
     41           * 				- PINSEL_PORT_2	: Port 2
     42           * 				- PINSEL_PORT_3	: Port 3
     43           *
     44           * @param[in]	pinnum	Pin number,
     45           * 				should be one of the following:
     46          				- PINSEL_PIN_0 : Pin 0
     47          				- PINSEL_PIN_1 : Pin 1
     48          				- PINSEL_PIN_2 : Pin 2
     49          				- PINSEL_PIN_3 : Pin 3
     50          				- PINSEL_PIN_4 : Pin 4
     51          				- PINSEL_PIN_5 : Pin 5
     52          				- PINSEL_PIN_6 : Pin 6
     53          				- PINSEL_PIN_7 : Pin 7
     54          				- PINSEL_PIN_8 : Pin 8
     55          				- PINSEL_PIN_9 : Pin 9
     56          				- PINSEL_PIN_10 : Pin 10
     57          				- PINSEL_PIN_11 : Pin 11
     58          				- PINSEL_PIN_12 : Pin 12
     59          				- PINSEL_PIN_13 : Pin 13
     60          				- PINSEL_PIN_14 : Pin 14
     61          				- PINSEL_PIN_15 : Pin 15
     62          				- PINSEL_PIN_16 : Pin 16
     63          				- PINSEL_PIN_17 : Pin 17
     64          				- PINSEL_PIN_18 : Pin 18
     65          				- PINSEL_PIN_19 : Pin 19
     66          				- PINSEL_PIN_20 : Pin 20
     67          				- PINSEL_PIN_21 : Pin 21
     68          				- PINSEL_PIN_22 : Pin 22
     69          				- PINSEL_PIN_23 : Pin 23
     70          				- PINSEL_PIN_24 : Pin 24
     71          				- PINSEL_PIN_25 : Pin 25
     72          				- PINSEL_PIN_26 : Pin 26
     73          				- PINSEL_PIN_27 : Pin 27
     74          				- PINSEL_PIN_28 : Pin 28
     75          				- PINSEL_PIN_29 : Pin 29
     76          				- PINSEL_PIN_30 : Pin 30
     77          				- PINSEL_PIN_31 : Pin 31
     78          
     79           * @param[in] 	funcnum Function number,
     80           * 				should be one of the following:
     81           *				- PINSEL_FUNC_0 : default function
     82           *				- PINSEL_FUNC_1 : first alternate function
     83           *				- PINSEL_FUNC_2 : second alternate function
     84           *				- PINSEL_FUNC_3 : third alternate function
     85           *
     86           * @return 		None
     87           **********************************************************************/

   \                                 In section .text, align 2, keep-with-next
     88          void PINSEL_SetPinFunc ( uint8_t portnum, uint8_t pinnum, uint8_t funcnum)
     89          {
   \                     PINSEL_SetPinFunc: (+1)
   \   00000000   0xB4F0             PUSH     {R4-R7}
     90          	uint32_t pinnum_t = pinnum;
   \   00000002   0xB2C9             UXTB     R1,R1            ;; ZeroExt  R1,R1,#+24,#+24
   \   00000004   0x000C             MOVS     R4,R1
     91          	uint32_t pinselreg_idx = 2 * portnum;
   \   00000006   0xB2C0             UXTB     R0,R0            ;; ZeroExt  R0,R0,#+24,#+24
   \   00000008   0x0045             LSLS     R5,R0,#+1
     92          	uint32_t *pPinCon = (uint32_t *)&LPC_PINCON->PINSEL0;
   \   0000000A   0x....             LDR.N    R3,??DataTable4  ;; 0x4002c000
     93          
     94          	if (pinnum_t >= 16) {
   \   0000000C   0x2C10             CMP      R4,#+16
   \   0000000E   0xD301             BCC.N    ??PINSEL_SetPinFunc_0
     95          		pinnum_t -= 16;
   \   00000010   0x3C10             SUBS     R4,R4,#+16
     96          		pinselreg_idx++;
   \   00000012   0x1C6D             ADDS     R5,R5,#+1
     97          	}
     98          	*(uint32_t *)(pPinCon + pinselreg_idx) &= ~(0x03UL << (pinnum_t * 2));
   \                     ??PINSEL_SetPinFunc_0: (+1)
   \   00000014   0xF853 0x6025      LDR      R6,[R3, R5, LSL #+2]
   \   00000018   0x2703             MOVS     R7,#+3
   \   0000001A   0x46A4             MOV      R12,R4
   \   0000001C   0xFA5F 0xFC8C      UXTB     R12,R12          ;; ZeroExt  R12,R12,#+24,#+24
   \   00000020   0xEA5F 0x0C4C      LSLS     R12,R12,#+1
   \   00000024   0xFA17 0xF70C      LSLS     R7,R7,R12
   \   00000028   0x43BE             BICS     R6,R6,R7
   \   0000002A   0xF843 0x6025      STR      R6,[R3, R5, LSL #+2]
     99          	*(uint32_t *)(pPinCon + pinselreg_idx) |= ((uint32_t)funcnum) << (pinnum_t * 2);
   \   0000002E   0xF853 0x6025      LDR      R6,[R3, R5, LSL #+2]
   \   00000032   0xB2D2             UXTB     R2,R2            ;; ZeroExt  R2,R2,#+24,#+24
   \   00000034   0x0027             MOVS     R7,R4
   \   00000036   0xB2FF             UXTB     R7,R7            ;; ZeroExt  R7,R7,#+24,#+24
   \   00000038   0x007F             LSLS     R7,R7,#+1
   \   0000003A   0xFA12 0xF707      LSLS     R7,R2,R7
   \   0000003E   0x433E             ORRS     R6,R7,R6
   \   00000040   0xF843 0x6025      STR      R6,[R3, R5, LSL #+2]
    100          }
   \   00000044   0xBCF0             POP      {R4-R7}
   \   00000046   0x4770             BX       LR               ;; return
    101          
    102          
    103          
    104          /*********************************************************************//**
    105           * @brief 		Configure trace function
    106           * @param[in] 	NewState State of the Trace function configuration,
    107           * 				should be one of the following:
    108           * 				- ENABLE : Enable Trace Function
    109           * 				- DISABLE : Disable Trace Function
    110           *
    111           * @return 		None
    112           **********************************************************************/

   \                                 In section .text, align 2, keep-with-next
    113          void PINSEL_ConfigTraceFunc(FunctionalState NewState)
    114          {
    115          	if (NewState == ENABLE) {
   \                     PINSEL_ConfigTraceFunc: (+1)
   \   00000000   0xB2C0             UXTB     R0,R0            ;; ZeroExt  R0,R0,#+24,#+24
   \   00000002   0x2801             CMP      R0,#+1
   \   00000004   0xD106             BNE.N    ??PINSEL_ConfigTraceFunc_0
    116          		LPC_PINCON->PINSEL10 |= (0x01UL << 3);
   \   00000006   0x....             LDR.N    R1,??DataTable4_1  ;; 0x4002c028
   \   00000008   0x6809             LDR      R1,[R1, #+0]
   \   0000000A   0xF051 0x0108      ORRS     R1,R1,#0x8
   \   0000000E   0x....             LDR.N    R2,??DataTable4_1  ;; 0x4002c028
   \   00000010   0x6011             STR      R1,[R2, #+0]
   \   00000012   0xE008             B.N      ??PINSEL_ConfigTraceFunc_1
    117          	} else if (NewState == DISABLE) {
   \                     ??PINSEL_ConfigTraceFunc_0: (+1)
   \   00000014   0xB2C0             UXTB     R0,R0            ;; ZeroExt  R0,R0,#+24,#+24
   \   00000016   0x2800             CMP      R0,#+0
   \   00000018   0xD105             BNE.N    ??PINSEL_ConfigTraceFunc_1
    118          		LPC_PINCON->PINSEL10 &= ~(0x01UL << 3);
   \   0000001A   0x....             LDR.N    R1,??DataTable4_1  ;; 0x4002c028
   \   0000001C   0x6809             LDR      R1,[R1, #+0]
   \   0000001E   0xF031 0x0108      BICS     R1,R1,#0x8
   \   00000022   0x....             LDR.N    R2,??DataTable4_1  ;; 0x4002c028
   \   00000024   0x6011             STR      R1,[R2, #+0]
    119          	}
    120          }
   \                     ??PINSEL_ConfigTraceFunc_1: (+1)
   \   00000026   0x4770             BX       LR               ;; return
    121          
    122          
    123          
    124          /*********************************************************************//**
    125           * @brief 		Setup resistor mode for each pin
    126           * @param[in]	portnum PORT number,
    127           * 				should be one of the following:
    128           * 				- PINSEL_PORT_0	: Port 0
    129           * 				- PINSEL_PORT_1	: Port 1
    130           * 				- PINSEL_PORT_2	: Port 2
    131           * 				- PINSEL_PORT_3	: Port 3
    132           * @param[in]	pinnum	Pin number,
    133           * 				should be one of the following:
    134          				- PINSEL_PIN_0 : Pin 0
    135          				- PINSEL_PIN_1 : Pin 1
    136          				- PINSEL_PIN_2 : Pin 2
    137          				- PINSEL_PIN_3 : Pin 3
    138          				- PINSEL_PIN_4 : Pin 4
    139          				- PINSEL_PIN_5 : Pin 5
    140          				- PINSEL_PIN_6 : Pin 6
    141          				- PINSEL_PIN_7 : Pin 7
    142          				- PINSEL_PIN_8 : Pin 8
    143          				- PINSEL_PIN_9 : Pin 9
    144          				- PINSEL_PIN_10 : Pin 10
    145          				- PINSEL_PIN_11 : Pin 11
    146          				- PINSEL_PIN_12 : Pin 12
    147          				- PINSEL_PIN_13 : Pin 13
    148          				- PINSEL_PIN_14 : Pin 14
    149          				- PINSEL_PIN_15 : Pin 15
    150          				- PINSEL_PIN_16 : Pin 16
    151          				- PINSEL_PIN_17 : Pin 17
    152          				- PINSEL_PIN_18 : Pin 18
    153          				- PINSEL_PIN_19 : Pin 19
    154          				- PINSEL_PIN_20 : Pin 20
    155          				- PINSEL_PIN_21 : Pin 21
    156          				- PINSEL_PIN_22 : Pin 22
    157          				- PINSEL_PIN_23 : Pin 23
    158          				- PINSEL_PIN_24 : Pin 24
    159          				- PINSEL_PIN_25 : Pin 25
    160          				- PINSEL_PIN_26 : Pin 26
    161          				- PINSEL_PIN_27 : Pin 27
    162          				- PINSEL_PIN_28 : Pin 28
    163          				- PINSEL_PIN_29 : Pin 29
    164          				- PINSEL_PIN_30 : Pin 30
    165          				- PINSEL_PIN_31 : Pin 31
    166          
    167           * @param[in] 	modenum: Mode number,
    168           * 				should be one of the following:
    169          				- PINSEL_PINMODE_PULLUP	: Internal pull-up resistor
    170          				- PINSEL_PINMODE_TRISTATE : Tri-state
    171          				- PINSEL_PINMODE_PULLDOWN : Internal pull-down resistor
    172          
    173           * @return 		None
    174           **********************************************************************/

   \                                 In section .text, align 2, keep-with-next
    175          void PINSEL_SetResistorMode ( uint8_t portnum, uint8_t pinnum, uint8_t modenum)
    176          {
   \                     PINSEL_SetResistorMode: (+1)
   \   00000000   0xB4F0             PUSH     {R4-R7}
    177          	uint32_t pinnum_t = pinnum;
   \   00000002   0xB2C9             UXTB     R1,R1            ;; ZeroExt  R1,R1,#+24,#+24
   \   00000004   0x000C             MOVS     R4,R1
    178          	uint32_t pinmodereg_idx = 2 * portnum;
   \   00000006   0xB2C0             UXTB     R0,R0            ;; ZeroExt  R0,R0,#+24,#+24
   \   00000008   0x0045             LSLS     R5,R0,#+1
    179          	uint32_t *pPinCon = (uint32_t *)&LPC_PINCON->PINMODE0;
   \   0000000A   0x....             LDR.N    R3,??DataTable4_2  ;; 0x4002c040
    180          
    181          	if (pinnum_t >= 16) {
   \   0000000C   0x2C10             CMP      R4,#+16
   \   0000000E   0xD301             BCC.N    ??PINSEL_SetResistorMode_0
    182          		pinnum_t -= 16;
   \   00000010   0x3C10             SUBS     R4,R4,#+16
    183          		pinmodereg_idx++ ;
   \   00000012   0x1C6D             ADDS     R5,R5,#+1
    184          	}
    185          
    186          	*(uint32_t *)(pPinCon + pinmodereg_idx) &= ~(0x03UL << (pinnum_t * 2));
   \                     ??PINSEL_SetResistorMode_0: (+1)
   \   00000014   0xF853 0x6025      LDR      R6,[R3, R5, LSL #+2]
   \   00000018   0x2703             MOVS     R7,#+3
   \   0000001A   0x46A4             MOV      R12,R4
   \   0000001C   0xFA5F 0xFC8C      UXTB     R12,R12          ;; ZeroExt  R12,R12,#+24,#+24
   \   00000020   0xEA5F 0x0C4C      LSLS     R12,R12,#+1
   \   00000024   0xFA17 0xF70C      LSLS     R7,R7,R12
   \   00000028   0x43BE             BICS     R6,R6,R7
   \   0000002A   0xF843 0x6025      STR      R6,[R3, R5, LSL #+2]
    187          	*(uint32_t *)(pPinCon + pinmodereg_idx) |= ((uint32_t)modenum) << (pinnum_t * 2);
   \   0000002E   0xF853 0x6025      LDR      R6,[R3, R5, LSL #+2]
   \   00000032   0xB2D2             UXTB     R2,R2            ;; ZeroExt  R2,R2,#+24,#+24
   \   00000034   0x0027             MOVS     R7,R4
   \   00000036   0xB2FF             UXTB     R7,R7            ;; ZeroExt  R7,R7,#+24,#+24
   \   00000038   0x007F             LSLS     R7,R7,#+1
   \   0000003A   0xFA12 0xF707      LSLS     R7,R2,R7
   \   0000003E   0x433E             ORRS     R6,R7,R6
   \   00000040   0xF843 0x6025      STR      R6,[R3, R5, LSL #+2]
    188          }
   \   00000044   0xBCF0             POP      {R4-R7}
   \   00000046   0x4770             BX       LR               ;; return
    189          
    190          
    191          
    192          /*********************************************************************//**
    193           * @brief 		Setup Open drain mode for each pin
    194           * @param[in]	portnum PORT number,
    195           * 				should be one of the following:
    196           * 				- PINSEL_PORT_0	: Port 0
    197           * 				- PINSEL_PORT_1	: Port 1
    198           * 				- PINSEL_PORT_2	: Port 2
    199           * 				- PINSEL_PORT_3	: Port 3
    200           *
    201           * @param[in]	pinnum	Pin number,
    202           * 				should be one of the following:
    203          				- PINSEL_PIN_0 : Pin 0
    204          				- PINSEL_PIN_1 : Pin 1
    205          				- PINSEL_PIN_2 : Pin 2
    206          				- PINSEL_PIN_3 : Pin 3
    207          				- PINSEL_PIN_4 : Pin 4
    208          				- PINSEL_PIN_5 : Pin 5
    209          				- PINSEL_PIN_6 : Pin 6
    210          				- PINSEL_PIN_7 : Pin 7
    211          				- PINSEL_PIN_8 : Pin 8
    212          				- PINSEL_PIN_9 : Pin 9
    213          				- PINSEL_PIN_10 : Pin 10
    214          				- PINSEL_PIN_11 : Pin 11
    215          				- PINSEL_PIN_12 : Pin 12
    216          				- PINSEL_PIN_13 : Pin 13
    217          				- PINSEL_PIN_14 : Pin 14
    218          				- PINSEL_PIN_15 : Pin 15
    219          				- PINSEL_PIN_16 : Pin 16
    220          				- PINSEL_PIN_17 : Pin 17
    221          				- PINSEL_PIN_18 : Pin 18
    222          				- PINSEL_PIN_19 : Pin 19
    223          				- PINSEL_PIN_20 : Pin 20
    224          				- PINSEL_PIN_21 : Pin 21
    225          				- PINSEL_PIN_22 : Pin 22
    226          				- PINSEL_PIN_23 : Pin 23
    227          				- PINSEL_PIN_24 : Pin 24
    228          				- PINSEL_PIN_25 : Pin 25
    229          				- PINSEL_PIN_26 : Pin 26
    230          				- PINSEL_PIN_27 : Pin 27
    231          				- PINSEL_PIN_28 : Pin 28
    232          				- PINSEL_PIN_29 : Pin 29
    233          				- PINSEL_PIN_30 : Pin 30
    234          				- PINSEL_PIN_31 : Pin 31
    235          
    236           * @param[in]	modenum  Open drain mode number,
    237           * 				should be one of the following:
    238           * 				- PINSEL_PINMODE_NORMAL : Pin is in the normal (not open drain) mode
    239           * 				- PINSEL_PINMODE_OPENDRAIN : Pin is in the open drain mode
    240           *
    241           * @return 		None
    242           **********************************************************************/

   \                                 In section .text, align 2, keep-with-next
    243          void PINSEL_SetOpenDrainMode( uint8_t portnum, uint8_t pinnum, uint8_t modenum)
    244          {
   \                     PINSEL_SetOpenDrainMode: (+1)
   \   00000000   0xB430             PUSH     {R4,R5}
    245          	uint32_t *pPinCon = (uint32_t *)&LPC_PINCON->PINMODE_OD0;
   \   00000002   0x....             LDR.N    R3,??DataTable4_3  ;; 0x4002c068
    246          
    247          	if (modenum == PINSEL_PINMODE_OPENDRAIN){
   \   00000004   0xB2D2             UXTB     R2,R2            ;; ZeroExt  R2,R2,#+24,#+24
   \   00000006   0x2A01             CMP      R2,#+1
   \   00000008   0xD109             BNE.N    ??PINSEL_SetOpenDrainMode_0
    248          		*(uint32_t *)(pPinCon + portnum) |= (0x01UL << pinnum);
   \   0000000A   0xB2C0             UXTB     R0,R0            ;; ZeroExt  R0,R0,#+24,#+24
   \   0000000C   0xF853 0x4020      LDR      R4,[R3, R0, LSL #+2]
   \   00000010   0x2501             MOVS     R5,#+1
   \   00000012   0x408D             LSLS     R5,R5,R1
   \   00000014   0x432C             ORRS     R4,R5,R4
   \   00000016   0xB2C0             UXTB     R0,R0            ;; ZeroExt  R0,R0,#+24,#+24
   \   00000018   0xF843 0x4020      STR      R4,[R3, R0, LSL #+2]
   \   0000001C   0xE008             B.N      ??PINSEL_SetOpenDrainMode_1
    249          	} else {
    250          		*(uint32_t *)(pPinCon + portnum) &= ~(0x01UL << pinnum);
   \                     ??PINSEL_SetOpenDrainMode_0: (+1)
   \   0000001E   0xB2C0             UXTB     R0,R0            ;; ZeroExt  R0,R0,#+24,#+24
   \   00000020   0xF853 0x4020      LDR      R4,[R3, R0, LSL #+2]
   \   00000024   0x2501             MOVS     R5,#+1
   \   00000026   0x408D             LSLS     R5,R5,R1
   \   00000028   0x43AC             BICS     R4,R4,R5
   \   0000002A   0xB2C0             UXTB     R0,R0            ;; ZeroExt  R0,R0,#+24,#+24
   \   0000002C   0xF843 0x4020      STR      R4,[R3, R0, LSL #+2]
    251          	}
    252          }
   \                     ??PINSEL_SetOpenDrainMode_1: (+1)
   \   00000030   0xBC30             POP      {R4,R5}
   \   00000032   0x4770             BX       LR               ;; return
    253          
    254          
    255          
    256          /*********************************************************************//**
    257           * @brief 		Setup I2C0 pins
    258           * @param[in]	i2cPinMode I2C pin mode,
    259           * 				should be one of the following:
    260           * 				- PINSEL_I2C_Normal_Mode : The standard drive mode
    261           * 				- PINSEL_I2C_Fast_Mode : Fast Mode Plus drive mode
    262           *
    263           * @param[in]	filterSlewRateEnable  should be:
    264           * 				- ENABLE: Enable filter and slew rate.
    265           * 				- DISABLE: Disable filter and slew rate.
    266           *
    267           * @return 		None
    268           **********************************************************************/

   \                                 In section .text, align 2, keep-with-next
    269          void PINSEL_SetI2C0Pins(uint8_t i2cPinMode, FunctionalState filterSlewRateEnable)
    270          {
    271          	uint32_t regVal;
    272          
    273          	if (i2cPinMode == PINSEL_I2C_Fast_Mode){
   \                     PINSEL_SetI2C0Pins: (+1)
   \   00000000   0xB2C0             UXTB     R0,R0            ;; ZeroExt  R0,R0,#+24,#+24
   \   00000002   0x2801             CMP      R0,#+1
   \   00000004   0xD101             BNE.N    ??PINSEL_SetI2C0Pins_0
    274          		regVal = PINSEL_I2CPADCFG_SCLDRV0 | PINSEL_I2CPADCFG_SDADRV0;
   \   00000006   0x2305             MOVS     R3,#+5
   \   00000008   0x001A             MOVS     R2,R3
    275          	}
    276          
    277          	if (filterSlewRateEnable == DISABLE){
   \                     ??PINSEL_SetI2C0Pins_0: (+1)
   \   0000000A   0xB2C9             UXTB     R1,R1            ;; ZeroExt  R1,R1,#+24,#+24
   \   0000000C   0x2900             CMP      R1,#+0
   \   0000000E   0xD101             BNE.N    ??PINSEL_SetI2C0Pins_1
    278          		regVal = PINSEL_I2CPADCFG_SCLI2C0 | PINSEL_I2CPADCFG_SDAI2C0;
   \   00000010   0x230A             MOVS     R3,#+10
   \   00000012   0x001A             MOVS     R2,R3
    279          	}
    280          	LPC_PINCON->I2CPADCFG = regVal;
   \                     ??PINSEL_SetI2C0Pins_1: (+1)
   \   00000014   0x....             LDR.N    R3,??DataTable4_4  ;; 0x4002c07c
   \   00000016   0x601A             STR      R2,[R3, #+0]
    281          }
   \   00000018   0x4770             BX       LR               ;; return
    282          
    283          
    284          /*********************************************************************//**
    285           * @brief 		Configure Pin corresponding to specified parameters passed
    286           * 				in the PinCfg
    287           * @param[in]	PinCfg	Pointer to a PINSEL_CFG_Type structure
    288           *                    that contains the configuration information for the
    289           *                    specified pin.
    290           * @return 		None
    291           **********************************************************************/

   \                                 In section .text, align 2, keep-with-next
    292          void PINSEL_ConfigPin(PINSEL_CFG_Type *PinCfg)
    293          {
   \                     PINSEL_ConfigPin: (+1)
   \   00000000   0xB510             PUSH     {R4,LR}
   \   00000002   0x0004             MOVS     R4,R0
    294          	PINSEL_SetPinFunc(PinCfg->Portnum, PinCfg->Pinnum, PinCfg->Funcnum);
   \   00000004   0x78A2             LDRB     R2,[R4, #+2]
   \   00000006   0x7861             LDRB     R1,[R4, #+1]
   \   00000008   0x7820             LDRB     R0,[R4, #+0]
   \   0000000A   0x.... 0x....      BL       PINSEL_SetPinFunc
    295          	PINSEL_SetResistorMode(PinCfg->Portnum, PinCfg->Pinnum, PinCfg->Pinmode);
   \   0000000E   0x78E2             LDRB     R2,[R4, #+3]
   \   00000010   0x7861             LDRB     R1,[R4, #+1]
   \   00000012   0x7820             LDRB     R0,[R4, #+0]
   \   00000014   0x.... 0x....      BL       PINSEL_SetResistorMode
    296          	PINSEL_SetOpenDrainMode(PinCfg->Portnum, PinCfg->Pinnum, PinCfg->OpenDrain);
   \   00000018   0x7922             LDRB     R2,[R4, #+4]
   \   0000001A   0x7861             LDRB     R1,[R4, #+1]
   \   0000001C   0x7820             LDRB     R0,[R4, #+0]
   \   0000001E   0x.... 0x....      BL       PINSEL_SetOpenDrainMode
    297          }
   \   00000022   0xBD10             POP      {R4,PC}          ;; return

   \                                 In section .text, align 4, keep-with-next
   \                     ??DataTable4:
   \   00000000   0x4002C000         DC32     0x4002c000

   \                                 In section .text, align 4, keep-with-next
   \                     ??DataTable4_1:
   \   00000000   0x4002C028         DC32     0x4002c028

   \                                 In section .text, align 4, keep-with-next
   \                     ??DataTable4_2:
   \   00000000   0x4002C040         DC32     0x4002c040

   \                                 In section .text, align 4, keep-with-next
   \                     ??DataTable4_3:
   \   00000000   0x4002C068         DC32     0x4002c068

   \                                 In section .text, align 4, keep-with-next
   \                     ??DataTable4_4:
   \   00000000   0x4002C07C         DC32     0x4002c07c
    298          
    299          
    300          /**
    301           * @}
    302           */
    303          
    304          /**
    305           * @}
    306           */
    307          
    308          /* --------------------------------- End Of File ------------------------------ */

   Maximum stack usage in bytes:

   .cstack Function
   ------- --------
       8   PINSEL_ConfigPin
         8   -> PINSEL_SetOpenDrainMode
         8   -> PINSEL_SetPinFunc
         8   -> PINSEL_SetResistorMode
       0   PINSEL_ConfigTraceFunc
       0   PINSEL_SetI2C0Pins
       8   PINSEL_SetOpenDrainMode
      16   PINSEL_SetPinFunc
      16   PINSEL_SetResistorMode


   Section sizes:

   Bytes  Function/Label
   -----  --------------
       4  ??DataTable4
       4  ??DataTable4_1
       4  ??DataTable4_2
       4  ??DataTable4_3
       4  ??DataTable4_4
      36  PINSEL_ConfigPin
      40  PINSEL_ConfigTraceFunc
      26  PINSEL_SetI2C0Pins
      52  PINSEL_SetOpenDrainMode
      72  PINSEL_SetPinFunc
      72  PINSEL_SetResistorMode

 
 318 bytes in section .text
 
 318 bytes of CODE memory

Errors: none
Warnings: none
