###############################################################################
#
# IAR ANSI C/C++ Compiler V7.70.1.11437/W32 for ARM       06/Apr/2017  11:01:13
# Copyright 1999-2016 IAR Systems AB.
#
#    Cpu mode     =  thumb
#    Endian       =  little
#    Source file  =  
#        E:\新项目\移交资料LHT\自助缴费机\软件\Micrium_LPC1768-SK_uCOS-III-Release\Software\EvalBoards\NXP\LPC1768-SK\LPC17XXCMSIS\Core\CM3\DeviceSupport\NXP\LPC17xx\system_LPC17xx.c
#    Command line =  
#        E:\新项目\移交资料LHT\自助缴费机\软件\Micrium_LPC1768-SK_uCOS-III-Release\Software\EvalBoards\NXP\LPC1768-SK\LPC17XXCMSIS\Core\CM3\DeviceSupport\NXP\LPC17xx\system_LPC17xx.c
#        -lCN
#        E:\新项目\移交资料LHT\自助缴费机\软件\Micrium_LPC1768-SK_uCOS-III-Release\Software\EvalBoards\NXP\LPC1768-SK\uCOS-III\IAR\FLASH\List
#        --diag_suppress Pe174 -o
#        E:\新项目\移交资料LHT\自助缴费机\软件\Micrium_LPC1768-SK_uCOS-III-Release\Software\EvalBoards\NXP\LPC1768-SK\uCOS-III\IAR\FLASH\Obj
#        --no_cse --no_unroll --no_inline --no_code_motion --no_tbaa
#        --no_clustering --no_scheduling --debug --endian=little
#        --cpu=Cortex-M3 -e --fpu=None --dlib_config "C:\Program Files\IAR
#        Systems\Embedded Workbench 7.5\arm\INC\c\DLib_Config_Normal.h" -I
#        E:\新项目\移交资料LHT\自助缴费机\软件\Micrium_LPC1768-SK_uCOS-III-Release\Software\EvalBoards\NXP\LPC1768-SK\uCOS-III\IAR\
#        -I
#        E:\新项目\移交资料LHT\自助缴费机\软件\Micrium_LPC1768-SK_uCOS-III-Release\Software\EvalBoards\NXP\LPC1768-SK\uCOS-III\IAR\..\..\uCOS-III\
#        -I
#        E:\新项目\移交资料LHT\自助缴费机\软件\Micrium_LPC1768-SK_uCOS-III-Release\Software\EvalBoards\NXP\LPC1768-SK\uCOS-III\IAR\..\..\BSP\
#        -I
#        E:\新项目\移交资料LHT\自助缴费机\软件\Micrium_LPC1768-SK_uCOS-III-Release\Software\EvalBoards\NXP\LPC1768-SK\uCOS-III\IAR\..\..\BSP\IAR\
#        -I
#        E:\新项目\移交资料LHT\自助缴费机\软件\Micrium_LPC1768-SK_uCOS-III-Release\Software\EvalBoards\NXP\LPC1768-SK\uCOS-III\IAR\..\..\BSP\OS\uCOS-III\
#        -I
#        E:\新项目\移交资料LHT\自助缴费机\软件\Micrium_LPC1768-SK_uCOS-III-Release\Software\EvalBoards\NXP\LPC1768-SK\uCOS-III\IAR\..\..\..\..\..\uC-CSP\MCU\
#        -I
#        E:\新项目\移交资料LHT\自助缴费机\软件\Micrium_LPC1768-SK_uCOS-III-Release\Software\EvalBoards\NXP\LPC1768-SK\uCOS-III\IAR\..\..\..\..\..\uC-CSP\MCU\NXP\LPC17xx\LPC1768\
#        -I
#        E:\新项目\移交资料LHT\自助缴费机\软件\Micrium_LPC1768-SK_uCOS-III-Release\Software\EvalBoards\NXP\LPC1768-SK\uCOS-III\IAR\..\..\..\..\..\uC-CSP\MCU\NXP\LPC17xx\
#        -I
#        E:\新项目\移交资料LHT\自助缴费机\软件\Micrium_LPC1768-SK_uCOS-III-Release\Software\EvalBoards\NXP\LPC1768-SK\uCOS-III\IAR\..\..\..\..\..\uCOS-III\Ports\ARM-Cortex-M3\Generic\IAR\
#        -I
#        E:\新项目\移交资料LHT\自助缴费机\软件\Micrium_LPC1768-SK_uCOS-III-Release\Software\EvalBoards\NXP\LPC1768-SK\uCOS-III\IAR\..\..\..\..\..\uCOS-III\Ports\ARM-Cortex-M3\CSP\
#        -I
#        E:\新项目\移交资料LHT\自助缴费机\软件\Micrium_LPC1768-SK_uCOS-III-Release\Software\EvalBoards\NXP\LPC1768-SK\uCOS-III\IAR\..\..\..\..\..\uCOS-III\Source\
#        -I
#        E:\新项目\移交资料LHT\自助缴费机\软件\Micrium_LPC1768-SK_uCOS-III-Release\Software\EvalBoards\NXP\LPC1768-SK\uCOS-III\IAR\..\..\..\..\..\uC-LIB\
#        -I
#        E:\新项目\移交资料LHT\自助缴费机\软件\Micrium_LPC1768-SK_uCOS-III-Release\Software\EvalBoards\NXP\LPC1768-SK\uCOS-III\IAR\..\..\..\..\..\uC-CPU\
#        -I
#        E:\新项目\移交资料LHT\自助缴费机\软件\Micrium_LPC1768-SK_uCOS-III-Release\Software\EvalBoards\NXP\LPC1768-SK\uCOS-III\IAR\..\..\..\..\..\uC-CPU\ARM-Cortex-M3\IAR\
#        -I
#        E:\新项目\移交资料LHT\自助缴费机\软件\Micrium_LPC1768-SK_uCOS-III-Release\Software\EvalBoards\NXP\LPC1768-SK\uCOS-III\IAR\..\..\..\..\..\EvalBoards\NXP\LPC1768-SK\LPC17XXCMSIS\Core\CM3\CoreSupport\
#        -I
#        E:\新项目\移交资料LHT\自助缴费机\软件\Micrium_LPC1768-SK_uCOS-III-Release\Software\EvalBoards\NXP\LPC1768-SK\uCOS-III\IAR\..\..\..\..\..\EvalBoards\NXP\LPC1768-SK\LPC17XXCMSIS\Core\CM3\DeviceSupport\NXP\LPC17xx\
#        -I
#        E:\新项目\移交资料LHT\自助缴费机\软件\Micrium_LPC1768-SK_uCOS-III-Release\Software\EvalBoards\NXP\LPC1768-SK\uCOS-III\IAR\..\..\..\..\..\EvalBoards\NXP\LPC1768-SK\LPC17XXCMSIS\Drivers\include\
#        -I
#        E:\新项目\移交资料LHT\自助缴费机\软件\Micrium_LPC1768-SK_uCOS-III-Release\Software\EvalBoards\NXP\LPC1768-SK\uCOS-III\IAR\..\..\..\..\..\uC-Serial\Driver\NXP\LPC17xx\
#        -I
#        E:\新项目\移交资料LHT\自助缴费机\软件\Micrium_LPC1768-SK_uCOS-III-Release\Software\EvalBoards\NXP\LPC1768-SK\uCOS-III\IAR\..\..\..\..\..\uC-Serial\Driver\NXP\
#        -I
#        E:\新项目\移交资料LHT\自助缴费机\软件\Micrium_LPC1768-SK_uCOS-III-Release\Software\EvalBoards\NXP\LPC1768-SK\uCOS-III\IAR\..\..\..\..\..\uC-Serial\Line\
#        -I
#        E:\新项目\移交资料LHT\自助缴费机\软件\Micrium_LPC1768-SK_uCOS-III-Release\Software\EvalBoards\NXP\LPC1768-SK\uCOS-III\IAR\..\..\..\..\..\uC-Serial\OS\uCOS-III\
#        -I
#        E:\新项目\移交资料LHT\自助缴费机\软件\Micrium_LPC1768-SK_uCOS-III-Release\Software\EvalBoards\NXP\LPC1768-SK\uCOS-III\IAR\..\..\..\..\..\uC-Serial\OS\
#        -I
#        E:\新项目\移交资料LHT\自助缴费机\软件\Micrium_LPC1768-SK_uCOS-III-Release\Software\EvalBoards\NXP\LPC1768-SK\uCOS-III\IAR\..\..\..\..\..\uC-Serial\Source\
#        -On --use_c++_inline -I "C:\Program Files\IAR Systems\Embedded
#        Workbench 7.5\arm\CMSIS\Include\"
#    Locale       =  Chinese (Simplified)_People's Republic of China.936
#    List file    =  
#        E:\新项目\移交资料LHT\自助缴费机\软件\Micrium_LPC1768-SK_uCOS-III-Release\Software\EvalBoards\NXP\LPC1768-SK\uCOS-III\IAR\FLASH\List\system_LPC17xx.lst
#    Object file  =  
#        E:\新项目\移交资料LHT\自助缴费机\软件\Micrium_LPC1768-SK_uCOS-III-Release\Software\EvalBoards\NXP\LPC1768-SK\uCOS-III\IAR\FLASH\Obj\system_LPC17xx.o
#
###############################################################################

E:\新项目\移交资料LHT\自助缴费机\软件\Micrium_LPC1768-SK_uCOS-III-Release\Software\EvalBoards\NXP\LPC1768-SK\LPC17XXCMSIS\Core\CM3\DeviceSupport\NXP\LPC17xx\system_LPC17xx.c
      1          /**************************************************************************//**
      2           * @file     system_LPC17xx.c
      3           * @brief    CMSIS Cortex-M3 Device Peripheral Access Layer Source File
      4           *           for the NXP LPC17xx Device Series
      5           * @version  V1.03
      6           * @date     07. October 2009
      7           *
      8           * @note
      9           * Copyright (C) 2009 ARM Limited. All rights reserved.
     10           *
     11           * @par
     12           * ARM Limited (ARM) is supplying this software for use with Cortex-M
     13           * processor based microcontrollers.  This file can be freely distributed
     14           * within development tools that are supporting such ARM based processors.
     15           *
     16           * @par
     17           * THIS SOFTWARE IS PROVIDED "AS IS".  NO WARRANTIES, WHETHER EXPRESS, IMPLIED
     18           * OR STATUTORY, INCLUDING, BUT NOT LIMITED TO, IMPLIED WARRANTIES OF
     19           * MERCHANTABILITY AND FITNESS FOR A PARTICULAR PURPOSE APPLY TO THIS SOFTWARE.
     20           * ARM SHALL NOT, IN ANY CIRCUMSTANCES, BE LIABLE FOR SPECIAL, INCIDENTAL, OR
     21           * CONSEQUENTIAL DAMAGES, FOR ANY REASON WHATSOEVER.
     22           *
     23           ******************************************************************************/
     24          
     25          
     26          #include <stdint.h>
     27          #include "LPC17xx.h"
     28          
     29          /*
     30          //-------- <<< Use Configuration Wizard in Context Menu >>> ------------------
     31          */
     32          
     33          /*--------------------- Clock Configuration ----------------------------------
     34          //
     35          // <e> Clock Configuration
     36          //   <h> System Controls and Status Register (SCS)
     37          //     <o1.4>    OSCRANGE: Main Oscillator Range Select
     38          //                     <0=>  1 MHz to 20 MHz
     39          //                     <1=> 15 MHz to 24 MHz
     40          //     <e1.5>       OSCEN: Main Oscillator Enable
     41          //     </e>
     42          //   </h>
     43          //
     44          //   <h> Clock Source Select Register (CLKSRCSEL)
     45          //     <o2.0..1>   CLKSRC: PLL Clock Source Selection
     46          //                     <0=> Internal RC oscillator
     47          //                     <1=> Main oscillator
     48          //                     <2=> RTC oscillator
     49          //   </h>
     50          //
     51          //   <e3> PLL0 Configuration (Main PLL)
     52          //     <h> PLL0 Configuration Register (PLL0CFG)
     53          //                     <i> F_cco0 = (2 * M * F_in) / N
     54          //                     <i> F_in must be in the range of 32 kHz to 50 MHz
     55          //                     <i> F_cco0 must be in the range of 275 MHz to 550 MHz
     56          //       <o4.0..14>  MSEL: PLL Multiplier Selection
     57          //                     <6-32768><#-1>
     58          //                     <i> M Value
     59          //       <o4.16..23> NSEL: PLL Divider Selection
     60          //                     <1-256><#-1>
     61          //                     <i> N Value
     62          //     </h>
     63          //   </e>
     64          //
     65          //   <e5> PLL1 Configuration (USB PLL)
     66          //     <h> PLL1 Configuration Register (PLL1CFG)
     67          //                     <i> F_usb = M * F_osc or F_usb = F_cco1 / (2 * P)
     68          //                     <i> F_cco1 = F_osc * M * 2 * P
     69          //                     <i> F_cco1 must be in the range of 156 MHz to 320 MHz
     70          //       <o6.0..4>   MSEL: PLL Multiplier Selection
     71          //                     <1-32><#-1>
     72          //                     <i> M Value (for USB maximum value is 4)
     73          //       <o6.5..6>   PSEL: PLL Divider Selection
     74          //                     <0=> 1
     75          //                     <1=> 2
     76          //                     <2=> 4
     77          //                     <3=> 8
     78          //                     <i> P Value
     79          //     </h>
     80          //   </e>
     81          //
     82          //   <h> CPU Clock Configuration Register (CCLKCFG)
     83          //     <o7.0..7>  CCLKSEL: Divide Value for CPU Clock from PLL0
     84          //                     <3-256><#-1>
     85          //   </h>
     86          //
     87          //   <h> USB Clock Configuration Register (USBCLKCFG)
     88          //     <o8.0..3>   USBSEL: Divide Value for USB Clock from PLL0
     89          //                     <0-15>
     90          //                     <i> Divide is USBSEL + 1
     91          //   </h>
     92          //
     93          //   <h> Peripheral Clock Selection Register 0 (PCLKSEL0)
     94          //     <o9.0..1>    PCLK_WDT: Peripheral Clock Selection for WDT
     95          //                     <0=> Pclk = Cclk / 4
     96          //                     <1=> Pclk = Cclk
     97          //                     <2=> Pclk = Cclk / 2
     98          //                     <3=> Pclk = Hclk / 8
     99          //     <o9.2..3>    PCLK_TIMER0: Peripheral Clock Selection for TIMER0
    100          //                     <0=> Pclk = Cclk / 4
    101          //                     <1=> Pclk = Cclk
    102          //                     <2=> Pclk = Cclk / 2
    103          //                     <3=> Pclk = Hclk / 8
    104          //     <o9.4..5>    PCLK_TIMER1: Peripheral Clock Selection for TIMER1
    105          //                     <0=> Pclk = Cclk / 4
    106          //                     <1=> Pclk = Cclk
    107          //                     <2=> Pclk = Cclk / 2
    108          //                     <3=> Pclk = Hclk / 8
    109          //     <o9.6..7>    PCLK_UART0: Peripheral Clock Selection for UART0
    110          //                     <0=> Pclk = Cclk / 4
    111          //                     <1=> Pclk = Cclk
    112          //                     <2=> Pclk = Cclk / 2
    113          //                     <3=> Pclk = Hclk / 8
    114          //     <o9.8..9>    PCLK_UART1: Peripheral Clock Selection for UART1
    115          //                     <0=> Pclk = Cclk / 4
    116          //                     <1=> Pclk = Cclk
    117          //                     <2=> Pclk = Cclk / 2
    118          //                     <3=> Pclk = Hclk / 8
    119          //     <o9.12..13>  PCLK_PWM1: Peripheral Clock Selection for PWM1
    120          //                     <0=> Pclk = Cclk / 4
    121          //                     <1=> Pclk = Cclk
    122          //                     <2=> Pclk = Cclk / 2
    123          //                     <3=> Pclk = Hclk / 8
    124          //     <o9.14..15>  PCLK_I2C0: Peripheral Clock Selection for I2C0
    125          //                     <0=> Pclk = Cclk / 4
    126          //                     <1=> Pclk = Cclk
    127          //                     <2=> Pclk = Cclk / 2
    128          //                     <3=> Pclk = Hclk / 8
    129          //     <o9.16..17>  PCLK_SPI: Peripheral Clock Selection for SPI
    130          //                     <0=> Pclk = Cclk / 4
    131          //                     <1=> Pclk = Cclk
    132          //                     <2=> Pclk = Cclk / 2
    133          //                     <3=> Pclk = Hclk / 8
    134          //     <o9.20..21>  PCLK_SSP1: Peripheral Clock Selection for SSP1
    135          //                     <0=> Pclk = Cclk / 4
    136          //                     <1=> Pclk = Cclk
    137          //                     <2=> Pclk = Cclk / 2
    138          //                     <3=> Pclk = Hclk / 8
    139          //     <o9.22..23>  PCLK_DAC: Peripheral Clock Selection for DAC
    140          //                     <0=> Pclk = Cclk / 4
    141          //                     <1=> Pclk = Cclk
    142          //                     <2=> Pclk = Cclk / 2
    143          //                     <3=> Pclk = Hclk / 8
    144          //     <o9.24..25>  PCLK_ADC: Peripheral Clock Selection for ADC
    145          //                     <0=> Pclk = Cclk / 4
    146          //                     <1=> Pclk = Cclk
    147          //                     <2=> Pclk = Cclk / 2
    148          //                     <3=> Pclk = Hclk / 8
    149          //     <o9.26..27>  PCLK_CAN1: Peripheral Clock Selection for CAN1
    150          //                     <0=> Pclk = Cclk / 4
    151          //                     <1=> Pclk = Cclk
    152          //                     <2=> Pclk = Cclk / 2
    153          //                     <3=> Pclk = Hclk / 6
    154          //     <o9.28..29>  PCLK_CAN2: Peripheral Clock Selection for CAN2
    155          //                     <0=> Pclk = Cclk / 4
    156          //                     <1=> Pclk = Cclk
    157          //                     <2=> Pclk = Cclk / 2
    158          //                     <3=> Pclk = Hclk / 6
    159          //     <o9.30..31>  PCLK_ACF: Peripheral Clock Selection for ACF
    160          //                     <0=> Pclk = Cclk / 4
    161          //                     <1=> Pclk = Cclk
    162          //                     <2=> Pclk = Cclk / 2
    163          //                     <3=> Pclk = Hclk / 6
    164          //   </h>
    165          //
    166          //   <h> Peripheral Clock Selection Register 1 (PCLKSEL1)
    167          //     <o10.0..1>   PCLK_QEI: Peripheral Clock Selection for the Quadrature Encoder Interface
    168          //                     <0=> Pclk = Cclk / 4
    169          //                     <1=> Pclk = Cclk
    170          //                     <2=> Pclk = Cclk / 2
    171          //                     <3=> Pclk = Hclk / 8
    172          //     <o10.2..3>   PCLK_GPIO: Peripheral Clock Selection for GPIOs
    173          //                     <0=> Pclk = Cclk / 4
    174          //                     <1=> Pclk = Cclk
    175          //                     <2=> Pclk = Cclk / 2
    176          //                     <3=> Pclk = Hclk / 8
    177          //     <o10.4..5>   PCLK_PCB: Peripheral Clock Selection for the Pin Connect Block
    178          //                     <0=> Pclk = Cclk / 4
    179          //                     <1=> Pclk = Cclk
    180          //                     <2=> Pclk = Cclk / 2
    181          //                     <3=> Pclk = Hclk / 8
    182          //     <o10.6..7>   PCLK_I2C1: Peripheral Clock Selection for I2C1
    183          //                     <0=> Pclk = Cclk / 4
    184          //                     <1=> Pclk = Cclk
    185          //                     <2=> Pclk = Cclk / 2
    186          //                     <3=> Pclk = Hclk / 8
    187          //     <o10.10..11> PCLK_SSP0: Peripheral Clock Selection for SSP0
    188          //                     <0=> Pclk = Cclk / 4
    189          //                     <1=> Pclk = Cclk
    190          //                     <2=> Pclk = Cclk / 2
    191          //                     <3=> Pclk = Hclk / 8
    192          //     <o10.12..13> PCLK_TIMER2: Peripheral Clock Selection for TIMER2
    193          //                     <0=> Pclk = Cclk / 4
    194          //                     <1=> Pclk = Cclk
    195          //                     <2=> Pclk = Cclk / 2
    196          //                     <3=> Pclk = Hclk / 8
    197          //     <o10.14..15> PCLK_TIMER3: Peripheral Clock Selection for TIMER3
    198          //                     <0=> Pclk = Cclk / 4
    199          //                     <1=> Pclk = Cclk
    200          //                     <2=> Pclk = Cclk / 2
    201          //                     <3=> Pclk = Hclk / 8
    202          //     <o10.16..17> PCLK_UART2: Peripheral Clock Selection for UART2
    203          //                     <0=> Pclk = Cclk / 4
    204          //                     <1=> Pclk = Cclk
    205          //                     <2=> Pclk = Cclk / 2
    206          //                     <3=> Pclk = Hclk / 8
    207          //     <o10.18..19> PCLK_UART3: Peripheral Clock Selection for UART3
    208          //                     <0=> Pclk = Cclk / 4
    209          //                     <1=> Pclk = Cclk
    210          //                     <2=> Pclk = Cclk / 2
    211          //                     <3=> Pclk = Hclk / 8
    212          //     <o10.20..21> PCLK_I2C2: Peripheral Clock Selection for I2C2
    213          //                     <0=> Pclk = Cclk / 4
    214          //                     <1=> Pclk = Cclk
    215          //                     <2=> Pclk = Cclk / 2
    216          //                     <3=> Pclk = Hclk / 8
    217          //     <o10.22..23> PCLK_I2S: Peripheral Clock Selection for I2S
    218          //                     <0=> Pclk = Cclk / 4
    219          //                     <1=> Pclk = Cclk
    220          //                     <2=> Pclk = Cclk / 2
    221          //                     <3=> Pclk = Hclk / 8
    222          //     <o10.26..27> PCLK_RIT: Peripheral Clock Selection for the Repetitive Interrupt Timer
    223          //                     <0=> Pclk = Cclk / 4
    224          //                     <1=> Pclk = Cclk
    225          //                     <2=> Pclk = Cclk / 2
    226          //                     <3=> Pclk = Hclk / 8
    227          //     <o10.28..29> PCLK_SYSCON: Peripheral Clock Selection for the System Control Block
    228          //                     <0=> Pclk = Cclk / 4
    229          //                     <1=> Pclk = Cclk
    230          //                     <2=> Pclk = Cclk / 2
    231          //                     <3=> Pclk = Hclk / 8
    232          //     <o10.30..31> PCLK_MC: Peripheral Clock Selection for the Motor Control PWM
    233          //                     <0=> Pclk = Cclk / 4
    234          //                     <1=> Pclk = Cclk
    235          //                     <2=> Pclk = Cclk / 2
    236          //                     <3=> Pclk = Hclk / 8
    237          //   </h>
    238          //
    239          //   <h> Power Control for Peripherals Register (PCONP)
    240          //     <o11.1>      PCTIM0: Timer/Counter 0 power/clock enable
    241          //     <o11.2>      PCTIM1: Timer/Counter 1 power/clock enable
    242          //     <o11.3>      PCUART0: UART 0 power/clock enable
    243          //     <o11.4>      PCUART1: UART 1 power/clock enable
    244          //     <o11.6>      PCPWM1: PWM 1 power/clock enable
    245          //     <o11.7>      PCI2C0: I2C interface 0 power/clock enable
    246          //     <o11.8>      PCSPI: SPI interface power/clock enable
    247          //     <o11.9>      PCRTC: RTC power/clock enable
    248          //     <o11.10>     PCSSP1: SSP interface 1 power/clock enable
    249          //     <o11.12>     PCAD: A/D converter power/clock enable
    250          //     <o11.13>     PCCAN1: CAN controller 1 power/clock enable
    251          //     <o11.14>     PCCAN2: CAN controller 2 power/clock enable
    252          //     <o11.15>     PCGPIO: GPIOs power/clock enable
    253          //     <o11.16>     PCRIT: Repetitive interrupt timer power/clock enable
    254          //     <o11.17>     PCMC: Motor control PWM power/clock enable
    255          //     <o11.18>     PCQEI: Quadrature encoder interface power/clock enable
    256          //     <o11.19>     PCI2C1: I2C interface 1 power/clock enable
    257          //     <o11.21>     PCSSP0: SSP interface 0 power/clock enable
    258          //     <o11.22>     PCTIM2: Timer 2 power/clock enable
    259          //     <o11.23>     PCTIM3: Timer 3 power/clock enable
    260          //     <o11.24>     PCUART2: UART 2 power/clock enable
    261          //     <o11.25>     PCUART3: UART 3 power/clock enable
    262          //     <o11.26>     PCI2C2: I2C interface 2 power/clock enable
    263          //     <o11.27>     PCI2S: I2S interface power/clock enable
    264          //     <o11.29>     PCGPDMA: GP DMA function power/clock enable
    265          //     <o11.30>     PCENET: Ethernet block power/clock enable
    266          //     <o11.31>     PCUSB: USB interface power/clock enable
    267          //   </h>
    268          //
    269          //   <h> Clock Output Configuration Register (CLKOUTCFG)
    270          //     <o12.0..3>   CLKOUTSEL: Selects clock source for CLKOUT
    271          //                     <0=> CPU clock
    272          //                     <1=> Main oscillator
    273          //                     <2=> Internal RC oscillator
    274          //                     <3=> USB clock
    275          //                     <4=> RTC oscillator
    276          //     <o12.4..7>   CLKOUTDIV: Selects clock divider for CLKOUT
    277          //                     <1-16><#-1>
    278          //     <o12.8>      CLKOUT_EN: CLKOUT enable control
    279          //   </h>
    280          //
    281          // </e>
    282          */
    283          #define CLOCK_SETUP           1
    284          #define SCS_Val               0x00000020
    285          #define CLKSRCSEL_Val         0x00000001
    286          #define PLL0_SETUP            1
    287          #define PLL0CFG_Val           0x00050063
    288          #define PLL1_SETUP            1
    289          #define PLL1CFG_Val           0x00000023
    290          #define CCLKCFG_Val           0x00000003
    291          #define USBCLKCFG_Val         0x00000000
    292          #define PCLKSEL0_Val          0x00000000
    293          #define PCLKSEL1_Val          0x00000000
    294          #define PCONP_Val             0x042887DE
    295          #define CLKOUTCFG_Val         0x00000000
    296          
    297          
    298          /*--------------------- Flash Accelerator Configuration ----------------------
    299          //
    300          // <e> Flash Accelerator Configuration
    301          //   <o1.0..11>  Reserved
    302          //   <o1.12..15> FLASHTIM: Flash Access Time
    303          //               <0=> 1 CPU clock (for CPU clock up to 20 MHz)
    304          //               <1=> 2 CPU clocks (for CPU clock up to 40 MHz)
    305          //               <2=> 3 CPU clocks (for CPU clock up to 60 MHz)
    306          //               <3=> 4 CPU clocks (for CPU clock up to 80 MHz)
    307          //               <4=> 5 CPU clocks (for CPU clock up to 100 MHz)
    308          //               <5=> 6 CPU clocks (for any CPU clock)
    309          // </e>
    310          */
    311          #define FLASH_SETUP           1
    312          #define FLASHCFG_Val          0x0000303A
    313          
    314          /*
    315          //-------- <<< end of configuration section >>> ------------------------------
    316          */
    317          
    318          /*----------------------------------------------------------------------------
    319            Check the register settings
    320           *----------------------------------------------------------------------------*/
    321          #define CHECK_RANGE(val, min, max)                ((val < min) || (val > max))
    322          #define CHECK_RSVD(val, mask)                     (val & mask)
    323          
    324          /* Clock Configuration -------------------------------------------------------*/
    325          #if (CHECK_RSVD((SCS_Val),       ~0x00000030))
    326             #error "SCS: Invalid values of reserved bits!"
    327          #endif
    328          
    329          #if (CHECK_RANGE((CLKSRCSEL_Val), 0, 2))
    330             #error "CLKSRCSEL: Value out of range!"
    331          #endif
    332          
    333          #if (CHECK_RSVD((PLL0CFG_Val),   ~0x00FF7FFF))
    334             #error "PLL0CFG: Invalid values of reserved bits!"
    335          #endif
    336          
    337          #if (CHECK_RSVD((PLL1CFG_Val),   ~0x0000007F))
    338             #error "PLL1CFG: Invalid values of reserved bits!"
    339          #endif
    340          
    341          #if ((CCLKCFG_Val != 0) && (((CCLKCFG_Val - 1) % 2)))
    342             #error "CCLKCFG: CCLKSEL field does not contain only odd values or 0!"
    343          #endif
    344          
    345          #if (CHECK_RSVD((USBCLKCFG_Val), ~0x0000000F))
    346             #error "USBCLKCFG: Invalid values of reserved bits!"
    347          #endif
    348          
    349          #if (CHECK_RSVD((PCLKSEL0_Val),   0x000C0C00))
    350             #error "PCLKSEL0: Invalid values of reserved bits!"
    351          #endif
    352          
    353          #if (CHECK_RSVD((PCLKSEL1_Val),   0x03000300))
    354             #error "PCLKSEL1: Invalid values of reserved bits!"
    355          #endif
    356          
    357          #if (CHECK_RSVD((PCONP_Val),      0x10100821))
    358             #error "PCONP: Invalid values of reserved bits!"
    359          #endif
    360          
    361          #if (CHECK_RSVD((CLKOUTCFG_Val), ~0x000001FF))
    362             #error "CLKOUTCFG: Invalid values of reserved bits!"
    363          #endif
    364          
    365          /* Flash Accelerator Configuration -------------------------------------------*/
    366          #if (CHECK_RSVD((FLASHCFG_Val), ~0x0000F07F))
    367             #error "FLASHCFG: Invalid values of reserved bits!"
    368          #endif
    369          
    370          
    371          /*----------------------------------------------------------------------------
    372            DEFINES
    373           *----------------------------------------------------------------------------*/
    374          
    375          /*----------------------------------------------------------------------------
    376            Define clocks
    377           *----------------------------------------------------------------------------*/
    378          #define XTAL        (12000000UL)        /* Oscillator frequency               */
    379          #define OSC_CLK     (      XTAL)        /* Main oscillator frequency          */
    380          #define RTC_CLK     (   32000UL)        /* RTC oscillator frequency           */
    381          #define IRC_OSC     ( 4000000UL)        /* Internal RC oscillator frequency   */
    382          
    383          
    384          /* F_cco0 = (2 * M * F_in) / N  */
    385          #define __M               (((PLL0CFG_Val      ) & 0x7FFF) + 1)
    386          #define __N               (((PLL0CFG_Val >> 16) & 0x00FF) + 1)
    387          #define __FCCO(__F_IN)    ((2 * __M * __F_IN) / __N)
    388          #define __CCLK_DIV        (((CCLKCFG_Val      ) & 0x00FF) + 1)
    389          
    390          /* Determine core clock frequency according to settings */
    391           #if (PLL0_SETUP)
    392              #if   ((CLKSRCSEL_Val & 0x03) == 1)
    393                  #define __CORE_CLK (__FCCO(OSC_CLK) / __CCLK_DIV)
    394              #elif ((CLKSRCSEL_Val & 0x03) == 2)
    395                  #define __CORE_CLK (__FCCO(RTC_CLK) / __CCLK_DIV)
    396              #else
    397                  #define __CORE_CLK (__FCCO(IRC_OSC) / __CCLK_DIV)
    398              #endif
    399           #else
    400              #if   ((CLKSRCSEL_Val & 0x03) == 1)
    401                  #define __CORE_CLK (OSC_CLK         / __CCLK_DIV)
    402              #elif ((CLKSRCSEL_Val & 0x03) == 2)
    403                  #define __CORE_CLK (RTC_CLK         / __CCLK_DIV)
    404              #else
    405                  #define __CORE_CLK (IRC_OSC         / __CCLK_DIV)
    406              #endif
    407           #endif
    408          
    409          
    410          /*----------------------------------------------------------------------------
    411            Clock Variable definitions
    412           *----------------------------------------------------------------------------*/

   \                                 In section .data, align 4
    413          uint32_t SystemCoreClock = __CORE_CLK;/*!< System Clock Frequency (Core Clock)*/
   \                     SystemCoreClock:
   \   00000000   0x05F5E100         DC32 100000000
    414          
    415          
    416          /*----------------------------------------------------------------------------
    417            Clock functions
    418           *----------------------------------------------------------------------------*/

   \                                 In section .text, align 2, keep-with-next
    419          void SystemCoreClockUpdate (void)            /* Get Core Clock Frequency      */
    420          {
    421            /* Determine clock frequency according to clock register values             */
    422            if (((LPC_SC->PLL0STAT >> 24) & 3) == 3) { /* If PLL0 enabled and connected */
   \                     SystemCoreClockUpdate: (+1)
   \   00000000   0x....             LDR.N    R0,??DataTable1  ;; 0x400fc088
   \   00000002   0x6800             LDR      R0,[R0, #+0]
   \   00000004   0xF3C0 0x6001      UBFX     R0,R0,#+24,#+2
   \   00000008   0x2803             CMP      R0,#+3
   \   0000000A   0xD153             BNE.N    ??SystemCoreClockUpdate_0
    423              switch (LPC_SC->CLKSRCSEL & 0x03) {
   \   0000000C   0x....             LDR.N    R0,??DataTable1_1  ;; 0x400fc10c
   \   0000000E   0x6800             LDR      R0,[R0, #+0]
   \   00000010   0xF010 0x0003      ANDS     R0,R0,#0x3
   \   00000014   0x2800             CMP      R0,#+0
   \   00000016   0xD004             BEQ.N    ??SystemCoreClockUpdate_1
   \   00000018   0x2802             CMP      R0,#+2
   \   0000001A   0xD032             BEQ.N    ??SystemCoreClockUpdate_2
   \   0000001C   0xD319             BCC.N    ??SystemCoreClockUpdate_3
   \   0000001E   0x2803             CMP      R0,#+3
   \   00000020   0xD174             BNE.N    ??SystemCoreClockUpdate_4
    424                case 0:                                /* Int. RC oscillator => PLL0    */
    425                case 3:                                /* Reserved, default to Int. RC  */
    426                  SystemCoreClock = (IRC_OSC *
    427                                    ((2 * ((LPC_SC->PLL0STAT & 0x7FFF) + 1)))  /
    428                                    (((LPC_SC->PLL0STAT >> 16) & 0xFF) + 1)    /
    429                                    ((LPC_SC->CCLKCFG & 0xFF)+ 1));
   \                     ??SystemCoreClockUpdate_1: (+1)
   \   00000022   0x....             LDR.N    R0,??DataTable1  ;; 0x400fc088
   \   00000024   0x6800             LDR      R0,[R0, #+0]
   \   00000026   0x....             LDR.N    R1,??DataTable1  ;; 0x400fc088
   \   00000028   0x6809             LDR      R1,[R1, #+0]
   \   0000002A   0x0440             LSLS     R0,R0,#+17       ;; ZeroExtS R0,R0,#+17,#+17
   \   0000002C   0x0C40             LSRS     R0,R0,#+17
   \   0000002E   0x1C40             ADDS     R0,R0,#+1
   \   00000030   0x....             LDR.N    R2,??DataTable1_2  ;; 0x7a1200
   \   00000032   0x4350             MULS     R0,R2,R0
   \   00000034   0xF3C1 0x4107      UBFX     R1,R1,#+16,#+8
   \   00000038   0x1C49             ADDS     R1,R1,#+1
   \   0000003A   0xFBB0 0xF0F1      UDIV     R0,R0,R1
   \   0000003E   0x....             LDR.N    R1,??DataTable1_3  ;; 0x400fc104
   \   00000040   0x6809             LDR      R1,[R1, #+0]
   \   00000042   0xF001 0x01FF      AND      R1,R1,#0xFF
   \   00000046   0x1C49             ADDS     R1,R1,#+1
   \   00000048   0xFBB0 0xF0F1      UDIV     R0,R0,R1
   \   0000004C   0x....             LDR.N    R1,??DataTable1_4
   \   0000004E   0x6008             STR      R0,[R1, #+0]
    430                  break;
   \   00000050   0xE05C             B.N      ??SystemCoreClockUpdate_4
    431                case 1:                                /* Main oscillator => PLL0       */
    432                  SystemCoreClock = (OSC_CLK *
    433                                    ((2 * ((LPC_SC->PLL0STAT & 0x7FFF) + 1)))  /
    434                                    (((LPC_SC->PLL0STAT >> 16) & 0xFF) + 1)    /
    435                                    ((LPC_SC->CCLKCFG & 0xFF)+ 1));
   \                     ??SystemCoreClockUpdate_3: (+1)
   \   00000052   0x....             LDR.N    R0,??DataTable1  ;; 0x400fc088
   \   00000054   0x6800             LDR      R0,[R0, #+0]
   \   00000056   0x....             LDR.N    R1,??DataTable1  ;; 0x400fc088
   \   00000058   0x6809             LDR      R1,[R1, #+0]
   \   0000005A   0x0440             LSLS     R0,R0,#+17       ;; ZeroExtS R0,R0,#+17,#+17
   \   0000005C   0x0C40             LSRS     R0,R0,#+17
   \   0000005E   0x1C40             ADDS     R0,R0,#+1
   \   00000060   0x....             LDR.N    R2,??DataTable1_5  ;; 0x16e3600
   \   00000062   0x4350             MULS     R0,R2,R0
   \   00000064   0xF3C1 0x4107      UBFX     R1,R1,#+16,#+8
   \   00000068   0x1C49             ADDS     R1,R1,#+1
   \   0000006A   0xFBB0 0xF0F1      UDIV     R0,R0,R1
   \   0000006E   0x....             LDR.N    R1,??DataTable1_3  ;; 0x400fc104
   \   00000070   0x6809             LDR      R1,[R1, #+0]
   \   00000072   0xF001 0x01FF      AND      R1,R1,#0xFF
   \   00000076   0x1C49             ADDS     R1,R1,#+1
   \   00000078   0xFBB0 0xF0F1      UDIV     R0,R0,R1
   \   0000007C   0x....             LDR.N    R1,??DataTable1_4
   \   0000007E   0x6008             STR      R0,[R1, #+0]
    436                  break;
   \   00000080   0xE044             B.N      ??SystemCoreClockUpdate_4
    437                case 2:                                /* RTC oscillator => PLL0        */
    438                  SystemCoreClock = (RTC_CLK *
    439                                    ((2 * ((LPC_SC->PLL0STAT & 0x7FFF) + 1)))  /
    440                                    (((LPC_SC->PLL0STAT >> 16) & 0xFF) + 1)    /
    441                                    ((LPC_SC->CCLKCFG & 0xFF)+ 1));
   \                     ??SystemCoreClockUpdate_2: (+1)
   \   00000082   0x....             LDR.N    R0,??DataTable1  ;; 0x400fc088
   \   00000084   0x6800             LDR      R0,[R0, #+0]
   \   00000086   0x....             LDR.N    R1,??DataTable1  ;; 0x400fc088
   \   00000088   0x6809             LDR      R1,[R1, #+0]
   \   0000008A   0x0440             LSLS     R0,R0,#+17       ;; ZeroExtS R0,R0,#+17,#+17
   \   0000008C   0x0C40             LSRS     R0,R0,#+17
   \   0000008E   0x1C40             ADDS     R0,R0,#+1
   \   00000090   0xF44F 0x427A      MOV      R2,#+64000
   \   00000094   0x4350             MULS     R0,R2,R0
   \   00000096   0xF3C1 0x4107      UBFX     R1,R1,#+16,#+8
   \   0000009A   0x1C49             ADDS     R1,R1,#+1
   \   0000009C   0xFBB0 0xF0F1      UDIV     R0,R0,R1
   \   000000A0   0x....             LDR.N    R1,??DataTable1_3  ;; 0x400fc104
   \   000000A2   0x6809             LDR      R1,[R1, #+0]
   \   000000A4   0xF001 0x01FF      AND      R1,R1,#0xFF
   \   000000A8   0x1C49             ADDS     R1,R1,#+1
   \   000000AA   0xFBB0 0xF0F1      UDIV     R0,R0,R1
   \   000000AE   0x....             LDR.N    R1,??DataTable1_4
   \   000000B0   0x6008             STR      R0,[R1, #+0]
    442                  break;
   \   000000B2   0xE02B             B.N      ??SystemCoreClockUpdate_4
    443              }
    444            } else {
    445              switch (LPC_SC->CLKSRCSEL & 0x03) {
   \                     ??SystemCoreClockUpdate_0: (+1)
   \   000000B4   0x....             LDR.N    R0,??DataTable1_1  ;; 0x400fc10c
   \   000000B6   0x6800             LDR      R0,[R0, #+0]
   \   000000B8   0xF010 0x0003      ANDS     R0,R0,#0x3
   \   000000BC   0x2800             CMP      R0,#+0
   \   000000BE   0xD004             BEQ.N    ??SystemCoreClockUpdate_5
   \   000000C0   0x2802             CMP      R0,#+2
   \   000000C2   0xD018             BEQ.N    ??SystemCoreClockUpdate_6
   \   000000C4   0xD30C             BCC.N    ??SystemCoreClockUpdate_7
   \   000000C6   0x2803             CMP      R0,#+3
   \   000000C8   0xD120             BNE.N    ??SystemCoreClockUpdate_4
    446                case 0:                                /* Int. RC oscillator => PLL0    */
    447                case 3:                                /* Reserved, default to Int. RC  */
    448                  SystemCoreClock = IRC_OSC / ((LPC_SC->CCLKCFG & 0xFF)+ 1);
   \                     ??SystemCoreClockUpdate_5: (+1)
   \   000000CA   0x....             LDR.N    R0,??DataTable1_6  ;; 0x3d0900
   \   000000CC   0x....             LDR.N    R1,??DataTable1_3  ;; 0x400fc104
   \   000000CE   0x6809             LDR      R1,[R1, #+0]
   \   000000D0   0xF001 0x01FF      AND      R1,R1,#0xFF
   \   000000D4   0x1C49             ADDS     R1,R1,#+1
   \   000000D6   0xFBB0 0xF0F1      UDIV     R0,R0,R1
   \   000000DA   0x....             LDR.N    R1,??DataTable1_4
   \   000000DC   0x6008             STR      R0,[R1, #+0]
    449                  break;
   \   000000DE   0xE015             B.N      ??SystemCoreClockUpdate_4
    450                case 1:                                /* Main oscillator => PLL0       */
    451                  SystemCoreClock = OSC_CLK / ((LPC_SC->CCLKCFG & 0xFF)+ 1);
   \                     ??SystemCoreClockUpdate_7: (+1)
   \   000000E0   0x....             LDR.N    R0,??DataTable1_7  ;; 0xb71b00
   \   000000E2   0x....             LDR.N    R1,??DataTable1_3  ;; 0x400fc104
   \   000000E4   0x6809             LDR      R1,[R1, #+0]
   \   000000E6   0xF001 0x01FF      AND      R1,R1,#0xFF
   \   000000EA   0x1C49             ADDS     R1,R1,#+1
   \   000000EC   0xFBB0 0xF0F1      UDIV     R0,R0,R1
   \   000000F0   0x....             LDR.N    R1,??DataTable1_4
   \   000000F2   0x6008             STR      R0,[R1, #+0]
    452                  break;
   \   000000F4   0xE00A             B.N      ??SystemCoreClockUpdate_4
    453                case 2:                                /* RTC oscillator => PLL0        */
    454                  SystemCoreClock = RTC_CLK / ((LPC_SC->CCLKCFG & 0xFF)+ 1);
   \                     ??SystemCoreClockUpdate_6: (+1)
   \   000000F6   0xF44F 0x40FA      MOV      R0,#+32000
   \   000000FA   0x....             LDR.N    R1,??DataTable1_3  ;; 0x400fc104
   \   000000FC   0x6809             LDR      R1,[R1, #+0]
   \   000000FE   0xF001 0x01FF      AND      R1,R1,#0xFF
   \   00000102   0x1C49             ADDS     R1,R1,#+1
   \   00000104   0xFBB0 0xF0F1      UDIV     R0,R0,R1
   \   00000108   0x....             LDR.N    R1,??DataTable1_4
   \   0000010A   0x6008             STR      R0,[R1, #+0]
    455                  break;
    456              }
    457            }
    458          
    459          }
   \                     ??SystemCoreClockUpdate_4: (+1)
   \   0000010C   0x4770             BX       LR               ;; return
    460          /* Exported types --------------------------------------------------------------*/
    461          /* Exported constants --------------------------------------------------------*/
    462          //extern unsigned long _sidata;		/* start address for the initialization values of the .data section. defined in linker script */
    463          //extern unsigned long _sdata;		/* start address for the .data section. defined in linker script */
    464          //extern unsigned long _edata;		/* end address for the .data section. defined in linker script */
    465          //
    466          //extern unsigned long _sbss;			/* start address for the .bss section. defined in linker script */
    467          //extern unsigned long _ebss;			/* end address for the .bss section. defined in linker script */
    468          
    469          //void _init(void)
    470          //{
    471          //    unsigned long *pulSrc, *pulDest;
    472          //
    473          //    //
    474          //    // Copy the data segment initializers from flash to SRAM in ROM mode
    475          //    //
    476          //#if (__RAM_MODE__==0)
    477          //    pulSrc = &_sidata;
    478          //    for(pulDest = &_sdata; pulDest < &_edata; )
    479          //    {
    480          //        *(pulDest++) = *(pulSrc++);
    481          //    }
    482          //#endif
    483          //
    484          //
    485          //    //
    486          //    // Zero fill the bss segment.
    487          //    //
    488          //    for(pulDest = &_sbss; pulDest < &_ebss; )
    489          //    {
    490          //        *(pulDest++) = 0;
    491          //    }
    492          //}
    493          
    494          /**
    495           * Initialize the system
    496           *
    497           * @param  none
    498           * @return none
    499           *
    500           * @brief  Setup the microcontroller system.
    501           *         Initialize the System.
    502           */

   \                                 In section .text, align 2, keep-with-next
    503          void SystemInit (void)
    504          {
    505          
    506          #if (CLOCK_SETUP)                       /* Clock Setup                        */
    507            LPC_SC->SCS       = SCS_Val;
   \                     SystemInit: (+1)
   \   00000000   0x2020             MOVS     R0,#+32
   \   00000002   0x....             LDR.N    R1,??DataTable1_8  ;; 0x400fc1a0
   \   00000004   0x6008             STR      R0,[R1, #+0]
    508            if (SCS_Val & (1 << 5)) {             /* If Main Oscillator is enabled      */
    509              while ((LPC_SC->SCS & (1<<6)) == 0);/* Wait for Oscillator to be ready    */
   \                     ??SystemInit_0: (+1)
   \   00000006   0x....             LDR.N    R0,??DataTable1_8  ;; 0x400fc1a0
   \   00000008   0x6800             LDR      R0,[R0, #+0]
   \   0000000A   0x0640             LSLS     R0,R0,#+25
   \   0000000C   0xD5FB             BPL.N    ??SystemInit_0
    510            }
    511          
    512            LPC_SC->CCLKCFG   = CCLKCFG_Val;      /* Setup Clock Divider                */
   \   0000000E   0x2003             MOVS     R0,#+3
   \   00000010   0x....             LDR.N    R1,??DataTable1_3  ;; 0x400fc104
   \   00000012   0x6008             STR      R0,[R1, #+0]
    513            LPC_SC->PCLKSEL0  = PCLKSEL0_Val;     /* Peripheral Clock Selection         */
   \   00000014   0x2000             MOVS     R0,#+0
   \   00000016   0x....             LDR.N    R1,??DataTable1_9  ;; 0x400fc1a8
   \   00000018   0x6008             STR      R0,[R1, #+0]
    514            LPC_SC->PCLKSEL1  = PCLKSEL1_Val;
   \   0000001A   0x2000             MOVS     R0,#+0
   \   0000001C   0x....             LDR.N    R1,??DataTable1_10  ;; 0x400fc1ac
   \   0000001E   0x6008             STR      R0,[R1, #+0]
    515          
    516          #if (PLL0_SETUP)
    517            LPC_SC->CLKSRCSEL = CLKSRCSEL_Val;    /* Select Clock Source for PLL0       */
   \   00000020   0x2001             MOVS     R0,#+1
   \   00000022   0x....             LDR.N    R1,??DataTable1_1  ;; 0x400fc10c
   \   00000024   0x6008             STR      R0,[R1, #+0]
    518          
    519            LPC_SC->PLL0CFG   = PLL0CFG_Val;      /* configure PLL0                     */
   \   00000026   0x....             LDR.N    R0,??DataTable1_11  ;; 0x50063
   \   00000028   0x....             LDR.N    R1,??DataTable1_12  ;; 0x400fc084
   \   0000002A   0x6008             STR      R0,[R1, #+0]
    520            LPC_SC->PLL0FEED  = 0xAA;
   \   0000002C   0x20AA             MOVS     R0,#+170
   \   0000002E   0x....             LDR.N    R1,??DataTable1_13  ;; 0x400fc08c
   \   00000030   0x6008             STR      R0,[R1, #+0]
    521            LPC_SC->PLL0FEED  = 0x55;
   \   00000032   0x2055             MOVS     R0,#+85
   \   00000034   0x....             LDR.N    R1,??DataTable1_13  ;; 0x400fc08c
   \   00000036   0x6008             STR      R0,[R1, #+0]
    522          
    523            LPC_SC->PLL0CON   = 0x01;             /* PLL0 Enable                        */
   \   00000038   0x2001             MOVS     R0,#+1
   \   0000003A   0x....             LDR.N    R1,??DataTable1_14  ;; 0x400fc080
   \   0000003C   0x6008             STR      R0,[R1, #+0]
    524            LPC_SC->PLL0FEED  = 0xAA;
   \   0000003E   0x20AA             MOVS     R0,#+170
   \   00000040   0x....             LDR.N    R1,??DataTable1_13  ;; 0x400fc08c
   \   00000042   0x6008             STR      R0,[R1, #+0]
    525            LPC_SC->PLL0FEED  = 0x55;
   \   00000044   0x2055             MOVS     R0,#+85
   \   00000046   0x....             LDR.N    R1,??DataTable1_13  ;; 0x400fc08c
   \   00000048   0x6008             STR      R0,[R1, #+0]
    526            while (!(LPC_SC->PLL0STAT & (1<<26)));/* Wait for PLOCK0                    */
   \                     ??SystemInit_1: (+1)
   \   0000004A   0x....             LDR.N    R0,??DataTable1  ;; 0x400fc088
   \   0000004C   0x6800             LDR      R0,[R0, #+0]
   \   0000004E   0x0140             LSLS     R0,R0,#+5
   \   00000050   0xD5FB             BPL.N    ??SystemInit_1
    527          
    528            LPC_SC->PLL0CON   = 0x03;             /* PLL0 Enable & Connect              */
   \   00000052   0x2003             MOVS     R0,#+3
   \   00000054   0x....             LDR.N    R1,??DataTable1_14  ;; 0x400fc080
   \   00000056   0x6008             STR      R0,[R1, #+0]
    529            LPC_SC->PLL0FEED  = 0xAA;
   \   00000058   0x20AA             MOVS     R0,#+170
   \   0000005A   0x....             LDR.N    R1,??DataTable1_13  ;; 0x400fc08c
   \   0000005C   0x6008             STR      R0,[R1, #+0]
    530            LPC_SC->PLL0FEED  = 0x55;
   \   0000005E   0x2055             MOVS     R0,#+85
   \   00000060   0x....             LDR.N    R1,??DataTable1_13  ;; 0x400fc08c
   \   00000062   0x6008             STR      R0,[R1, #+0]
    531            while (!(LPC_SC->PLL0STAT & ((1<<25) | (1<<24))));/* Wait for PLLC0_STAT & PLLE0_STAT */
   \                     ??SystemInit_2: (+1)
   \   00000064   0x....             LDR.N    R0,??DataTable1  ;; 0x400fc088
   \   00000066   0x6800             LDR      R0,[R0, #+0]
   \   00000068   0xF010 0x7F40      TST      R0,#0x3000000
   \   0000006C   0xD0FA             BEQ.N    ??SystemInit_2
    532          #endif
    533          
    534          #if (PLL1_SETUP)
    535            LPC_SC->PLL1CFG   = PLL1CFG_Val;
   \   0000006E   0x2023             MOVS     R0,#+35
   \   00000070   0x....             LDR.N    R1,??DataTable1_15  ;; 0x400fc0a4
   \   00000072   0x6008             STR      R0,[R1, #+0]
    536            LPC_SC->PLL1FEED  = 0xAA;
   \   00000074   0x20AA             MOVS     R0,#+170
   \   00000076   0x....             LDR.N    R1,??DataTable1_16  ;; 0x400fc0ac
   \   00000078   0x6008             STR      R0,[R1, #+0]
    537            LPC_SC->PLL1FEED  = 0x55;
   \   0000007A   0x2055             MOVS     R0,#+85
   \   0000007C   0x....             LDR.N    R1,??DataTable1_16  ;; 0x400fc0ac
   \   0000007E   0x6008             STR      R0,[R1, #+0]
    538          
    539            LPC_SC->PLL1CON   = 0x01;             /* PLL1 Enable                        */
   \   00000080   0x2001             MOVS     R0,#+1
   \   00000082   0x....             LDR.N    R1,??DataTable1_17  ;; 0x400fc0a0
   \   00000084   0x6008             STR      R0,[R1, #+0]
    540            LPC_SC->PLL1FEED  = 0xAA;
   \   00000086   0x20AA             MOVS     R0,#+170
   \   00000088   0x....             LDR.N    R1,??DataTable1_16  ;; 0x400fc0ac
   \   0000008A   0x6008             STR      R0,[R1, #+0]
    541            LPC_SC->PLL1FEED  = 0x55;
   \   0000008C   0x2055             MOVS     R0,#+85
   \   0000008E   0x....             LDR.N    R1,??DataTable1_16  ;; 0x400fc0ac
   \   00000090   0x6008             STR      R0,[R1, #+0]
    542            while (!(LPC_SC->PLL1STAT & (1<<10)));/* Wait for PLOCK1                    */
   \                     ??SystemInit_3: (+1)
   \   00000092   0x....             LDR.N    R0,??DataTable1_18  ;; 0x400fc0a8
   \   00000094   0x6800             LDR      R0,[R0, #+0]
   \   00000096   0x0540             LSLS     R0,R0,#+21
   \   00000098   0xD5FB             BPL.N    ??SystemInit_3
    543          
    544            LPC_SC->PLL1CON   = 0x03;             /* PLL1 Enable & Connect              */
   \   0000009A   0x2003             MOVS     R0,#+3
   \   0000009C   0x....             LDR.N    R1,??DataTable1_17  ;; 0x400fc0a0
   \   0000009E   0x6008             STR      R0,[R1, #+0]
    545            LPC_SC->PLL1FEED  = 0xAA;
   \   000000A0   0x20AA             MOVS     R0,#+170
   \   000000A2   0x....             LDR.N    R1,??DataTable1_16  ;; 0x400fc0ac
   \   000000A4   0x6008             STR      R0,[R1, #+0]
    546            LPC_SC->PLL1FEED  = 0x55;
   \   000000A6   0x2055             MOVS     R0,#+85
   \   000000A8   0x....             LDR.N    R1,??DataTable1_16  ;; 0x400fc0ac
   \   000000AA   0x6008             STR      R0,[R1, #+0]
    547            while (!(LPC_SC->PLL1STAT & ((1<< 9) | (1<< 8))));/* Wait for PLLC1_STAT & PLLE1_STAT */
   \                     ??SystemInit_4: (+1)
   \   000000AC   0x....             LDR.N    R0,??DataTable1_18  ;; 0x400fc0a8
   \   000000AE   0x6800             LDR      R0,[R0, #+0]
   \   000000B0   0xF410 0x7F40      TST      R0,#0x300
   \   000000B4   0xD0FA             BEQ.N    ??SystemInit_4
    548          #else
    549            LPC_SC->USBCLKCFG = USBCLKCFG_Val;    /* Setup USB Clock Divider            */
    550          #endif
    551            LPC_SC->PCONP     = PCONP_Val;        /* Power Control for Peripherals      */
   \   000000B6   0x....             LDR.N    R0,??DataTable1_19  ;; 0x42887de
   \   000000B8   0x....             LDR.N    R1,??DataTable1_20  ;; 0x400fc0c4
   \   000000BA   0x6008             STR      R0,[R1, #+0]
    552          
    553            LPC_SC->CLKOUTCFG = CLKOUTCFG_Val;    /* Clock Output Configuration         */
   \   000000BC   0x2000             MOVS     R0,#+0
   \   000000BE   0x....             LDR.N    R1,??DataTable1_21  ;; 0x400fc1c8
   \   000000C0   0x6008             STR      R0,[R1, #+0]
    554          #endif
    555          
    556          #if (FLASH_SETUP == 1)                  /* Flash Accelerator Setup            */
    557            LPC_SC->FLASHCFG  = FLASHCFG_Val;
   \   000000C2   0xF243 0x003A      MOVW     R0,#+12346
   \   000000C6   0x....             LDR.N    R1,??DataTable1_22  ;; 0x400fc000
   \   000000C8   0x6008             STR      R0,[R1, #+0]
    558          #endif
    559          }
   \   000000CA   0x4770             BX       LR               ;; return

   \                                 In section .text, align 4, keep-with-next
   \                     ??DataTable1:
   \   00000000   0x400FC088         DC32     0x400fc088

   \                                 In section .text, align 4, keep-with-next
   \                     ??DataTable1_1:
   \   00000000   0x400FC10C         DC32     0x400fc10c

   \                                 In section .text, align 4, keep-with-next
   \                     ??DataTable1_2:
   \   00000000   0x007A1200         DC32     0x7a1200

   \                                 In section .text, align 4, keep-with-next
   \                     ??DataTable1_3:
   \   00000000   0x400FC104         DC32     0x400fc104

   \                                 In section .text, align 4, keep-with-next
   \                     ??DataTable1_4:
   \   00000000   0x........         DC32     SystemCoreClock

   \                                 In section .text, align 4, keep-with-next
   \                     ??DataTable1_5:
   \   00000000   0x016E3600         DC32     0x16e3600

   \                                 In section .text, align 4, keep-with-next
   \                     ??DataTable1_6:
   \   00000000   0x003D0900         DC32     0x3d0900

   \                                 In section .text, align 4, keep-with-next
   \                     ??DataTable1_7:
   \   00000000   0x00B71B00         DC32     0xb71b00

   \                                 In section .text, align 4, keep-with-next
   \                     ??DataTable1_8:
   \   00000000   0x400FC1A0         DC32     0x400fc1a0

   \                                 In section .text, align 4, keep-with-next
   \                     ??DataTable1_9:
   \   00000000   0x400FC1A8         DC32     0x400fc1a8

   \                                 In section .text, align 4, keep-with-next
   \                     ??DataTable1_10:
   \   00000000   0x400FC1AC         DC32     0x400fc1ac

   \                                 In section .text, align 4, keep-with-next
   \                     ??DataTable1_11:
   \   00000000   0x00050063         DC32     0x50063

   \                                 In section .text, align 4, keep-with-next
   \                     ??DataTable1_12:
   \   00000000   0x400FC084         DC32     0x400fc084

   \                                 In section .text, align 4, keep-with-next
   \                     ??DataTable1_13:
   \   00000000   0x400FC08C         DC32     0x400fc08c

   \                                 In section .text, align 4, keep-with-next
   \                     ??DataTable1_14:
   \   00000000   0x400FC080         DC32     0x400fc080

   \                                 In section .text, align 4, keep-with-next
   \                     ??DataTable1_15:
   \   00000000   0x400FC0A4         DC32     0x400fc0a4

   \                                 In section .text, align 4, keep-with-next
   \                     ??DataTable1_16:
   \   00000000   0x400FC0AC         DC32     0x400fc0ac

   \                                 In section .text, align 4, keep-with-next
   \                     ??DataTable1_17:
   \   00000000   0x400FC0A0         DC32     0x400fc0a0

   \                                 In section .text, align 4, keep-with-next
   \                     ??DataTable1_18:
   \   00000000   0x400FC0A8         DC32     0x400fc0a8

   \                                 In section .text, align 4, keep-with-next
   \                     ??DataTable1_19:
   \   00000000   0x042887DE         DC32     0x42887de

   \                                 In section .text, align 4, keep-with-next
   \                     ??DataTable1_20:
   \   00000000   0x400FC0C4         DC32     0x400fc0c4

   \                                 In section .text, align 4, keep-with-next
   \                     ??DataTable1_21:
   \   00000000   0x400FC1C8         DC32     0x400fc1c8

   \                                 In section .text, align 4, keep-with-next
   \                     ??DataTable1_22:
   \   00000000   0x400FC000         DC32     0x400fc000

   Maximum stack usage in bytes:

   .cstack Function
   ------- --------
       0   SystemCoreClockUpdate
       0   SystemInit


   Section sizes:

   Bytes  Function/Label
   -----  --------------
       4  ??DataTable1
       4  ??DataTable1_1
       4  ??DataTable1_10
       4  ??DataTable1_11
       4  ??DataTable1_12
       4  ??DataTable1_13
       4  ??DataTable1_14
       4  ??DataTable1_15
       4  ??DataTable1_16
       4  ??DataTable1_17
       4  ??DataTable1_18
       4  ??DataTable1_19
       4  ??DataTable1_2
       4  ??DataTable1_20
       4  ??DataTable1_21
       4  ??DataTable1_22
       4  ??DataTable1_3
       4  ??DataTable1_4
       4  ??DataTable1_5
       4  ??DataTable1_6
       4  ??DataTable1_7
       4  ??DataTable1_8
       4  ??DataTable1_9
       4  SystemCoreClock
     270  SystemCoreClockUpdate
     204  SystemInit

 
   4 bytes in section .data
 566 bytes in section .text
 
 566 bytes of CODE memory
   4 bytes of DATA memory

Errors: none
Warnings: 3
